mode: count
gitlab.com/bobayka/courseproject/cmd/utilities/middlewares.go:11.95,12.46 1 4
gitlab.com/bobayka/courseproject/cmd/utilities/middlewares.go:12.46,13.60 1 4
gitlab.com/bobayka/courseproject/cmd/utilities/middlewares.go:27.3,27.25 1 4
gitlab.com/bobayka/courseproject/cmd/utilities/middlewares.go:13.60,16.18 3 4
gitlab.com/bobayka/courseproject/cmd/utilities/middlewares.go:19.4,20.18 2 2
gitlab.com/bobayka/courseproject/cmd/utilities/middlewares.go:23.4,25.14 3 1
gitlab.com/bobayka/courseproject/cmd/utilities/middlewares.go:16.18,18.5 1 2
gitlab.com/bobayka/courseproject/cmd/utilities/middlewares.go:20.18,22.5 1 1
gitlab.com/bobayka/courseproject/cmd/utilities/middlewares.go:31.96,32.46 1 0
gitlab.com/bobayka/courseproject/cmd/utilities/middlewares.go:32.46,33.60 1 0
gitlab.com/bobayka/courseproject/cmd/utilities/middlewares.go:53.3,53.25 1 0
gitlab.com/bobayka/courseproject/cmd/utilities/middlewares.go:33.60,35.18 2 0
gitlab.com/bobayka/courseproject/cmd/utilities/middlewares.go:45.4,46.18 2 0
gitlab.com/bobayka/courseproject/cmd/utilities/middlewares.go:49.4,51.14 3 0
gitlab.com/bobayka/courseproject/cmd/utilities/middlewares.go:35.18,36.16 1 0
gitlab.com/bobayka/courseproject/cmd/utilities/middlewares.go:37.27,39.16 2 0
gitlab.com/bobayka/courseproject/cmd/utilities/middlewares.go:41.13,42.49 1 0
gitlab.com/bobayka/courseproject/cmd/utilities/middlewares.go:46.18,48.5 1 0
gitlab.com/bobayka/courseproject/cmd/utilities/utility.go:21.86,22.54 1 4
gitlab.com/bobayka/courseproject/cmd/utilities/utility.go:22.54,24.17 2 4
gitlab.com/bobayka/courseproject/cmd/utilities/utility.go:24.17,27.4 2 0
gitlab.com/bobayka/courseproject/cmd/utilities/utility.go:31.52,34.16 3 0
gitlab.com/bobayka/courseproject/cmd/utilities/utility.go:37.2,37.17 1 0
gitlab.com/bobayka/courseproject/cmd/utilities/utility.go:34.16,36.3 1 0
gitlab.com/bobayka/courseproject/cmd/utilities/utility.go:40.59,42.16 2 0
gitlab.com/bobayka/courseproject/cmd/utilities/utility.go:45.2,46.16 2 0
gitlab.com/bobayka/courseproject/cmd/utilities/utility.go:49.2,49.12 1 0
gitlab.com/bobayka/courseproject/cmd/utilities/utility.go:42.16,44.3 1 0
gitlab.com/bobayka/courseproject/cmd/utilities/utility.go:46.16,48.3 1 0
gitlab.com/bobayka/courseproject/cmd/utilities/utility.go:52.53,55.9 3 0
gitlab.com/bobayka/courseproject/cmd/utilities/utility.go:58.2,58.19 1 0
gitlab.com/bobayka/courseproject/cmd/utilities/utility.go:55.9,57.3 1 0
gitlab.com/bobayka/courseproject/cmd/utilities/utility.go:61.80,63.49 1 0
gitlab.com/bobayka/courseproject/cmd/utilities/utility.go:66.2,68.56 2 0
gitlab.com/bobayka/courseproject/cmd/utilities/utility.go:71.2,71.12 1 0
gitlab.com/bobayka/courseproject/cmd/utilities/utility.go:63.49,65.3 1 0
gitlab.com/bobayka/courseproject/cmd/utilities/utility.go:68.56,70.3 1 0
gitlab.com/bobayka/courseproject/cmd/utilities/utility.go:74.51,76.16 2 0
gitlab.com/bobayka/courseproject/cmd/utilities/utility.go:79.2,79.17 1 0
gitlab.com/bobayka/courseproject/cmd/utilities/utility.go:85.2,85.20 1 0
gitlab.com/bobayka/courseproject/cmd/utilities/utility.go:76.16,78.3 1 0
gitlab.com/bobayka/courseproject/cmd/utilities/utility.go:79.17,81.17 2 0
gitlab.com/bobayka/courseproject/cmd/utilities/utility.go:81.17,83.4 1 0
gitlab.com/bobayka/courseproject/cmd/utilities/utility.go:88.75,90.17 2 0
gitlab.com/bobayka/courseproject/cmd/utilities/utility.go:93.2,94.12 2 0
gitlab.com/bobayka/courseproject/cmd/utilities/utility.go:90.17,92.3 1 0
gitlab.com/bobayka/courseproject/cmd/utilities/validators.go:12.37,13.49 1 0
gitlab.com/bobayka/courseproject/cmd/utilities/validators.go:16.2,16.12 1 0
gitlab.com/bobayka/courseproject/cmd/utilities/validators.go:13.49,15.3 1 0
gitlab.com/bobayka/courseproject/cmd/utilities/validators.go:21.49,24.14 3 4
gitlab.com/bobayka/courseproject/cmd/utilities/validators.go:27.2,27.22 1 2
gitlab.com/bobayka/courseproject/cmd/utilities/validators.go:24.14,26.3 1 2
